{"contracts/BTCCToken.sol":{"l":{"23":8,"24":8,"27":8,"28":8,"31":0,"32":0,"35":0,"36":0,"82":1,"86":16,"87":12,"91":1,"94":1,"95":1,"96":1,"97":1,"121":1,"122":1,"123":1,"124":1,"129":2,"130":2,"131":1,"133":1,"135":1,"136":1,"143":5,"150":4,"158":23,"168":2,"169":1,"170":1,"171":1,"172":1,"185":1,"186":1,"187":1,"201":1,"202":1,"203":1,"204":1,"205":1,"206":1,"217":1,"218":1,"219":1,"221":1,"222":1,"226":2,"227":2,"233":2,"234":1,"235":1,"236":1,"237":1,"241":1,"242":1,"244":1,"245":1,"246":1,"248":1,"249":1,"257":4,"267":0,"268":0,"269":0,"270":0,"278":0,"286":1,"290":0,"291":0},"path":"/home/abhi/Projects/btccredit/contracts/BTCCToken.sol","s":{"1":8,"2":8,"3":8,"4":8,"5":0,"6":0,"7":0,"8":0,"9":1,"10":16,"11":1,"12":1,"13":1,"14":1,"15":1,"16":1,"17":1,"18":1,"19":1,"20":2,"21":2,"22":1,"23":1,"24":1,"25":1,"26":5,"27":4,"28":23,"29":2,"30":1,"31":1,"32":1,"33":1,"34":1,"35":1,"36":1,"37":1,"38":1,"39":1,"40":1,"41":1,"42":1,"43":1,"44":1,"45":1,"46":1,"47":1,"48":2,"49":2,"50":2,"51":1,"52":1,"53":1,"54":1,"55":1,"56":1,"57":1,"58":1,"59":1,"60":1,"61":1,"62":4,"63":0,"64":0,"65":0,"66":0,"67":0,"68":1,"69":0,"70":0},"b":{"1":[8,0],"2":[8,0],"3":[0,0],"4":[0,0],"5":[12,4],"6":[1,0],"7":[1,1],"8":[1,1],"9":[1,0],"10":[1,0],"11":[1,1],"12":[1,0],"13":[1,0]},"f":{"1":8,"2":8,"3":0,"4":0,"5":1,"6":16,"7":1,"8":1,"9":1,"10":2,"11":5,"12":4,"13":23,"14":2,"15":1,"16":1,"17":1,"18":2,"19":2,"20":1,"21":4,"22":0,"23":0,"24":1,"25":0},"fnMap":{"1":{"name":"safeAdd","line":22,"loc":{"start":{"line":22,"column":4},"end":{"line":22,"column":65}}},"2":{"name":"safeSub","line":26,"loc":{"start":{"line":26,"column":4},"end":{"line":26,"column":65}}},"3":{"name":"safeMul","line":30,"loc":{"start":{"line":30,"column":4},"end":{"line":30,"column":65}}},"4":{"name":"safeDiv","line":34,"loc":{"start":{"line":34,"column":4},"end":{"line":34,"column":65}}},"5":{"name":null,"line":81,"loc":{"start":{"line":81,"column":4},"end":{"line":81,"column":22}}},"6":{"name":"onlyOwner","line":85,"loc":{"start":{"line":85,"column":4},"end":{"line":85,"column":20}}},"7":{"name":"transferOwnership","line":90,"loc":{"start":{"line":90,"column":4},"end":{"line":90,"column":64}}},"8":{"name":"acceptOwnership","line":93,"loc":{"start":{"line":93,"column":4},"end":{"line":93,"column":35}}},"9":{"name":null,"line":120,"loc":{"start":{"line":120,"column":4},"end":{"line":120,"column":22}}},"10":{"name":"distributeTokens","line":127,"loc":{"start":{"line":127,"column":4},"end":{"line":127,"column":92}}},"11":{"name":"distributedTokenCount","line":142,"loc":{"start":{"line":142,"column":4},"end":{"line":142,"column":71}}},"12":{"name":"totalSupply","line":149,"loc":{"start":{"line":149,"column":4},"end":{"line":149,"column":51}}},"13":{"name":"balanceOf","line":157,"loc":{"start":{"line":157,"column":4},"end":{"line":157,"column":75}}},"14":{"name":"transfer","line":167,"loc":{"start":{"line":167,"column":4},"end":{"line":167,"column":74}}},"15":{"name":"approve","line":184,"loc":{"start":{"line":184,"column":4},"end":{"line":184,"column":78}}},"16":{"name":"transferFrom","line":200,"loc":{"start":{"line":200,"column":4},"end":{"line":200,"column":92}}},"17":{"name":"mintToken","line":216,"loc":{"start":{"line":216,"column":4},"end":{"line":216,"column":77}}},"18":{"name":"freezeAccount","line":225,"loc":{"start":{"line":225,"column":4},"end":{"line":225,"column":72}}},"19":{"name":"burn","line":232,"loc":{"start":{"line":232,"column":4},"end":{"line":232,"column":68}}},"20":{"name":"burnFrom","line":240,"loc":{"start":{"line":240,"column":4},"end":{"line":240,"column":87}}},"21":{"name":"allowance","line":256,"loc":{"start":{"line":256,"column":4},"end":{"line":256,"column":94}}},"22":{"name":"approveAndCall","line":266,"loc":{"start":{"line":266,"column":4},"end":{"line":266,"column":97}}},"23":{"name":null,"line":277,"loc":{"start":{"line":277,"column":4},"end":{"line":277,"column":28}}},"24":{"name":"transferAnyERC20Token","line":285,"loc":{"start":{"line":285,"column":4},"end":{"line":285,"column":107}}},"25":{"name":"destroyContract","line":289,"loc":{"start":{"line":289,"column":4},"end":{"line":289,"column":45}}}},"statementMap":{"1":{"start":{"line":23,"column":8},"end":{"line":23,"column":16}},"2":{"start":{"line":24,"column":8},"end":{"line":24,"column":66}},"3":{"start":{"line":27,"column":8},"end":{"line":27,"column":72}},"4":{"start":{"line":28,"column":8},"end":{"line":28,"column":16}},"5":{"start":{"line":31,"column":8},"end":{"line":31,"column":16}},"6":{"start":{"line":32,"column":8},"end":{"line":32,"column":76}},"7":{"start":{"line":35,"column":8},"end":{"line":35,"column":68}},"8":{"start":{"line":36,"column":8},"end":{"line":36,"column":16}},"9":{"start":{"line":82,"column":8},"end":{"line":82,"column":25}},"10":{"start":{"line":86,"column":8},"end":{"line":86,"column":56}},"11":{"start":{"line":91,"column":8},"end":{"line":91,"column":27}},"12":{"start":{"line":94,"column":8},"end":{"line":94,"column":59}},"13":{"start":{"line":95,"column":8},"end":{"line":95,"column":50}},"14":{"start":{"line":96,"column":8},"end":{"line":96,"column":23}},"15":{"start":{"line":97,"column":8},"end":{"line":97,"column":28}},"16":{"start":{"line":121,"column":8},"end":{"line":121,"column":22}},"17":{"start":{"line":122,"column":8},"end":{"line":122,"column":31}},"18":{"start":{"line":123,"column":8},"end":{"line":123,"column":20}},"19":{"start":{"line":124,"column":8},"end":{"line":124,"column":56}},"20":{"start":{"line":129,"column":8},"end":{"line":129,"column":60}},"21":{"start":{"line":130,"column":8},"end":{"line":130,"column":82}},"22":{"start":{"line":131,"column":8},"end":{"line":131,"column":64}},"23":{"start":{"line":133,"column":8},"end":{"line":133,"column":72}},"24":{"start":{"line":135,"column":8},"end":{"line":135,"column":53}},"25":{"start":{"line":136,"column":8},"end":{"line":136,"column":19}},"26":{"start":{"line":143,"column":8},"end":{"line":143,"column":37}},"27":{"start":{"line":150,"column":8},"end":{"line":150,"column":50}},"28":{"start":{"line":158,"column":8},"end":{"line":158,"column":35}},"29":{"start":{"line":168,"column":8},"end":{"line":168,"column":63}},"30":{"start":{"line":169,"column":8},"end":{"line":169,"column":67}},"31":{"start":{"line":170,"column":8},"end":{"line":170,"column":51}},"32":{"start":{"line":171,"column":8},"end":{"line":171,"column":45}},"33":{"start":{"line":172,"column":8},"end":{"line":172,"column":19}},"34":{"start":{"line":185,"column":8},"end":{"line":185,"column":44}},"35":{"start":{"line":186,"column":8},"end":{"line":186,"column":50}},"36":{"start":{"line":187,"column":8},"end":{"line":187,"column":19}},"37":{"start":{"line":201,"column":8},"end":{"line":201,"column":64}},"38":{"start":{"line":202,"column":8},"end":{"line":202,"column":55}},"39":{"start":{"line":203,"column":8},"end":{"line":203,"column":77}},"40":{"start":{"line":204,"column":8},"end":{"line":204,"column":51}},"41":{"start":{"line":205,"column":8},"end":{"line":205,"column":39}},"42":{"start":{"line":206,"column":8},"end":{"line":206,"column":19}},"43":{"start":{"line":217,"column":8},"end":{"line":217,"column":60}},"44":{"start":{"line":218,"column":8},"end":{"line":218,"column":68}},"45":{"start":{"line":219,"column":8},"end":{"line":219,"column":58}},"46":{"start":{"line":221,"column":8},"end":{"line":221,"column":45}},"47":{"start":{"line":222,"column":8},"end":{"line":222,"column":51}},"48":{"start":{"line":226,"column":8},"end":{"line":226,"column":39}},"49":{"start":{"line":227,"column":8},"end":{"line":227,"column":42}},"50":{"start":{"line":233,"column":8},"end":{"line":233,"column":75}},"51":{"start":{"line":234,"column":8},"end":{"line":234,"column":74}},"52":{"start":{"line":235,"column":8},"end":{"line":235,"column":58}},"53":{"start":{"line":236,"column":8},"end":{"line":236,"column":44}},"54":{"start":{"line":237,"column":8},"end":{"line":237,"column":19}},"55":{"start":{"line":241,"column":8},"end":{"line":241,"column":70}},"56":{"start":{"line":242,"column":8},"end":{"line":242,"column":81}},"57":{"start":{"line":244,"column":8},"end":{"line":244,"column":64}},"58":{"start":{"line":245,"column":8},"end":{"line":245,"column":86}},"59":{"start":{"line":246,"column":8},"end":{"line":246,"column":58}},"60":{"start":{"line":248,"column":8},"end":{"line":248,"column":39}},"61":{"start":{"line":249,"column":8},"end":{"line":249,"column":19}},"62":{"start":{"line":257,"column":8},"end":{"line":257,"column":43}},"63":{"start":{"line":267,"column":8},"end":{"line":267,"column":44}},"64":{"start":{"line":268,"column":8},"end":{"line":268,"column":50}},"65":{"start":{"line":269,"column":8},"end":{"line":269,"column":38}},"66":{"start":{"line":270,"column":8},"end":{"line":270,"column":19}},"67":{"start":{"line":278,"column":8},"end":{"line":278,"column":51}},"68":{"start":{"line":286,"column":8},"end":{"line":286,"column":67}},"69":{"start":{"line":290,"column":8},"end":{"line":290,"column":24}},"70":{"start":{"line":291,"column":8},"end":{"line":291,"column":26}}},"branchMap":{"1":{"line":24,"type":"if","locations":[{"start":{"line":24,"column":8},"end":{"line":24,"column":8}},{"start":{"line":24,"column":8},"end":{"line":24,"column":8}}]},"2":{"line":27,"type":"if","locations":[{"start":{"line":27,"column":8},"end":{"line":27,"column":8}},{"start":{"line":27,"column":8},"end":{"line":27,"column":8}}]},"3":{"line":32,"type":"if","locations":[{"start":{"line":32,"column":8},"end":{"line":32,"column":8}},{"start":{"line":32,"column":8},"end":{"line":32,"column":8}}]},"4":{"line":35,"type":"if","locations":[{"start":{"line":35,"column":8},"end":{"line":35,"column":8}},{"start":{"line":35,"column":8},"end":{"line":35,"column":8}}]},"5":{"line":86,"type":"if","locations":[{"start":{"line":86,"column":8},"end":{"line":86,"column":8}},{"start":{"line":86,"column":8},"end":{"line":86,"column":8}}]},"6":{"line":94,"type":"if","locations":[{"start":{"line":94,"column":8},"end":{"line":94,"column":8}},{"start":{"line":94,"column":8},"end":{"line":94,"column":8}}]},"7":{"line":130,"type":"if","locations":[{"start":{"line":130,"column":8},"end":{"line":130,"column":8}},{"start":{"line":130,"column":8},"end":{"line":130,"column":8}}]},"8":{"line":168,"type":"if","locations":[{"start":{"line":168,"column":8},"end":{"line":168,"column":8}},{"start":{"line":168,"column":8},"end":{"line":168,"column":8}}]},"9":{"line":201,"type":"if","locations":[{"start":{"line":201,"column":8},"end":{"line":201,"column":8}},{"start":{"line":201,"column":8},"end":{"line":201,"column":8}}]},"10":{"line":217,"type":"if","locations":[{"start":{"line":217,"column":8},"end":{"line":217,"column":8}},{"start":{"line":217,"column":8},"end":{"line":217,"column":8}}]},"11":{"line":233,"type":"if","locations":[{"start":{"line":233,"column":8},"end":{"line":233,"column":8}},{"start":{"line":233,"column":8},"end":{"line":233,"column":8}}]},"12":{"line":241,"type":"if","locations":[{"start":{"line":241,"column":8},"end":{"line":241,"column":8}},{"start":{"line":241,"column":8},"end":{"line":241,"column":8}}]},"13":{"line":242,"type":"if","locations":[{"start":{"line":242,"column":8},"end":{"line":242,"column":8}},{"start":{"line":242,"column":8},"end":{"line":242,"column":8}}]}}},"contracts/TokenA.sol":{"l":{"12":1,"13":0,"15":1,"16":1,"17":1,"25":0,"27":0,"34":2,"35":2,"42":3,"43":3,"44":3,"86":0,"95":2,"96":2,"99":2,"100":2,"101":2,"102":2,"111":9,"135":0,"136":0,"137":0,"139":0,"140":0,"141":0,"142":0,"143":0,"158":0,"159":0,"160":0,"161":0,"171":0,"185":0,"186":0,"187":0,"201":0,"202":0,"203":0,"205":0,"207":0,"208":0,"230":1,"237":0,"238":0,"246":0,"247":0,"248":0,"261":2,"265":0,"269":0,"273":0,"277":0,"284":0,"285":0,"286":0,"287":0,"288":0,"289":0,"311":1,"312":1,"313":1,"322":0,"323":0,"324":0,"325":0},"path":"/home/abhi/Projects/btccredit/contracts/TokenA.sol","s":{"1":1,"2":0,"3":1,"4":1,"5":1,"6":0,"7":0,"8":2,"9":2,"10":3,"11":3,"12":3,"13":0,"14":2,"15":2,"16":2,"17":2,"18":2,"19":2,"20":9,"21":0,"22":0,"23":0,"24":0,"25":0,"26":0,"27":0,"28":0,"29":0,"30":0,"31":0,"32":0,"33":0,"34":0,"35":0,"36":0,"37":0,"38":0,"39":0,"40":0,"41":0,"42":0,"43":1,"44":0,"45":0,"46":0,"47":0,"48":2,"49":0,"50":0,"51":0,"52":0,"53":0,"54":0,"55":0,"56":0,"57":0,"58":0,"59":1,"60":1,"61":1,"62":0,"63":0,"64":0,"65":0},"b":{"1":[0,1],"2":[1,0],"3":[2,0],"4":[3,0],"5":[2,0],"6":[2,0],"7":[0,0],"8":[0,0],"9":[0,0],"10":[0,0],"11":[0,0],"12":[0,0],"13":[0,0],"14":[0,0],"15":[1,0]},"f":{"1":1,"2":0,"3":2,"4":3,"5":0,"6":2,"7":9,"8":0,"9":0,"10":0,"11":0,"12":0,"13":1,"14":0,"15":0,"16":2,"17":0,"18":0,"19":0,"20":0,"21":0,"22":1,"23":0},"fnMap":{"1":{"name":"mul","line":11,"loc":{"start":{"line":11,"column":2},"end":{"line":11,"column":68}}},"2":{"name":"div","line":23,"loc":{"start":{"line":23,"column":2},"end":{"line":23,"column":68}}},"3":{"name":"sub","line":33,"loc":{"start":{"line":33,"column":2},"end":{"line":33,"column":68}}},"4":{"name":"add","line":41,"loc":{"start":{"line":41,"column":2},"end":{"line":41,"column":68}}},"5":{"name":"totalSupply","line":85,"loc":{"start":{"line":85,"column":2},"end":{"line":85,"column":54}}},"6":{"name":"transfer","line":94,"loc":{"start":{"line":94,"column":2},"end":{"line":94,"column":70}}},"7":{"name":"balanceOf","line":110,"loc":{"start":{"line":110,"column":2},"end":{"line":110,"column":74}}},"8":{"name":"transferFrom","line":134,"loc":{"start":{"line":134,"column":2},"end":{"line":134,"column":89}}},"9":{"name":"approve","line":156,"loc":{"start":{"line":156,"column":2},"end":{"line":156,"column":74}}},"10":{"name":"allowance","line":170,"loc":{"start":{"line":170,"column":2},"end":{"line":170,"column":84}}},"11":{"name":"increaseApproval","line":184,"loc":{"start":{"line":184,"column":2},"end":{"line":184,"column":85}}},"12":{"name":"decreaseApproval","line":200,"loc":{"start":{"line":200,"column":2},"end":{"line":200,"column":90}}},"13":{"name":null,"line":229,"loc":{"start":{"line":229,"column":0},"end":{"line":229,"column":22}}},"14":{"name":"onlyOwner","line":236,"loc":{"start":{"line":236,"column":2},"end":{"line":236,"column":22}}},"15":{"name":"transferOwnership","line":245,"loc":{"start":{"line":245,"column":2},"end":{"line":245,"column":63}}},"16":{"name":"transfer","line":260,"loc":{"start":{"line":260,"column":2},"end":{"line":260,"column":70}}},"17":{"name":"transferFrom","line":264,"loc":{"start":{"line":264,"column":2},"end":{"line":264,"column":89}}},"18":{"name":"approve","line":268,"loc":{"start":{"line":268,"column":2},"end":{"line":268,"column":74}}},"19":{"name":"increaseApproval","line":272,"loc":{"start":{"line":272,"column":2},"end":{"line":272,"column":93}}},"20":{"name":"decreaseApproval","line":276,"loc":{"start":{"line":276,"column":2},"end":{"line":276,"column":98}}},"21":{"name":"releaseTokens","line":282,"loc":{"start":{"line":282,"column":2},"end":{"line":283,"column":3}}},"22":{"name":null,"line":309,"loc":{"start":{"line":309,"column":2},"end":{"line":310,"column":3}}},"23":{"name":"approveAndCall","line":321,"loc":{"start":{"line":321,"column":4},"end":{"line":321,"column":97}}}},"statementMap":{"1":{"start":{"line":12,"column":4},"end":{"line":12,"column":279}},"2":{"start":{"line":13,"column":6},"end":{"line":13,"column":14}},"3":{"start":{"line":15,"column":4},"end":{"line":15,"column":20}},"4":{"start":{"line":16,"column":4},"end":{"line":16,"column":21}},"5":{"start":{"line":17,"column":4},"end":{"line":17,"column":12}},"6":{"start":{"line":25,"column":4},"end":{"line":25,"column":20}},"7":{"start":{"line":27,"column":4},"end":{"line":27,"column":12}},"8":{"start":{"line":34,"column":4},"end":{"line":34,"column":17}},"9":{"start":{"line":35,"column":4},"end":{"line":35,"column":16}},"10":{"start":{"line":42,"column":4},"end":{"line":42,"column":20}},"11":{"start":{"line":43,"column":4},"end":{"line":43,"column":17}},"12":{"start":{"line":44,"column":4},"end":{"line":44,"column":12}},"13":{"start":{"line":86,"column":4},"end":{"line":86,"column":23}},"14":{"start":{"line":95,"column":4},"end":{"line":95,"column":29}},"15":{"start":{"line":96,"column":4},"end":{"line":96,"column":42}},"16":{"start":{"line":99,"column":4},"end":{"line":99,"column":58}},"17":{"start":{"line":100,"column":4},"end":{"line":100,"column":44}},"18":{"start":{"line":101,"column":4},"end":{"line":101,"column":42}},"19":{"start":{"line":102,"column":4},"end":{"line":102,"column":15}},"20":{"start":{"line":111,"column":4},"end":{"line":111,"column":27}},"21":{"start":{"line":135,"column":4},"end":{"line":135,"column":29}},"22":{"start":{"line":136,"column":4},"end":{"line":136,"column":37}},"23":{"start":{"line":137,"column":4},"end":{"line":137,"column":48}},"24":{"start":{"line":139,"column":4},"end":{"line":139,"column":48}},"25":{"start":{"line":140,"column":4},"end":{"line":140,"column":44}},"26":{"start":{"line":141,"column":4},"end":{"line":141,"column":70}},"27":{"start":{"line":142,"column":4},"end":{"line":142,"column":37}},"28":{"start":{"line":143,"column":4},"end":{"line":143,"column":15}},"29":{"start":{"line":158,"column":4},"end":{"line":158,"column":34}},"30":{"start":{"line":159,"column":4},"end":{"line":159,"column":41}},"31":{"start":{"line":160,"column":4},"end":{"line":160,"column":47}},"32":{"start":{"line":161,"column":4},"end":{"line":161,"column":15}},"33":{"start":{"line":171,"column":4},"end":{"line":171,"column":36}},"34":{"start":{"line":185,"column":4},"end":{"line":185,"column":81}},"35":{"start":{"line":186,"column":4},"end":{"line":186,"column":70}},"36":{"start":{"line":187,"column":4},"end":{"line":187,"column":15}},"37":{"start":{"line":201,"column":4},"end":{"line":201,"column":48}},"38":{"start":{"line":202,"column":4},"end":{"line":202,"column":6964}},"39":{"start":{"line":203,"column":6},"end":{"line":203,"column":38}},"40":{"start":{"line":205,"column":6},"end":{"line":205,"column":67}},"41":{"start":{"line":207,"column":4},"end":{"line":207,"column":70}},"42":{"start":{"line":208,"column":4},"end":{"line":208,"column":15}},"43":{"start":{"line":230,"column":4},"end":{"line":230,"column":21}},"44":{"start":{"line":237,"column":4},"end":{"line":237,"column":31}},"45":{"start":{"line":246,"column":4},"end":{"line":246,"column":34}},"46":{"start":{"line":247,"column":4},"end":{"line":247,"column":46}},"47":{"start":{"line":248,"column":4},"end":{"line":248,"column":19}},"48":{"start":{"line":261,"column":4},"end":{"line":261,"column":38}},"49":{"start":{"line":265,"column":4},"end":{"line":265,"column":49}},"50":{"start":{"line":269,"column":4},"end":{"line":269,"column":42}},"51":{"start":{"line":273,"column":4},"end":{"line":273,"column":56}},"52":{"start":{"line":277,"column":4},"end":{"line":277,"column":61}},"53":{"start":{"line":284,"column":4},"end":{"line":284,"column":37}},"54":{"start":{"line":285,"column":4},"end":{"line":285,"column":62}},"55":{"start":{"line":286,"column":4},"end":{"line":286,"column":42}},"56":{"start":{"line":287,"column":4},"end":{"line":287,"column":39}},"57":{"start":{"line":288,"column":4},"end":{"line":288,"column":54}},"58":{"start":{"line":289,"column":4},"end":{"line":289,"column":15}},"59":{"start":{"line":311,"column":4},"end":{"line":311,"column":35}},"60":{"start":{"line":312,"column":4},"end":{"line":312,"column":20}},"61":{"start":{"line":313,"column":4},"end":{"line":313,"column":64}},"62":{"start":{"line":322,"column":8},"end":{"line":322,"column":44}},"63":{"start":{"line":323,"column":8},"end":{"line":323,"column":50}},"64":{"start":{"line":324,"column":8},"end":{"line":324,"column":38}},"65":{"start":{"line":325,"column":8},"end":{"line":325,"column":19}}},"branchMap":{"1":{"line":12,"type":"if","locations":[{"start":{"line":12,"column":4},"end":{"line":12,"column":4}},{"start":{"line":12,"column":4},"end":{"line":12,"column":4}}]},"2":{"line":16,"type":"if","locations":[{"start":{"line":16,"column":4},"end":{"line":16,"column":4}},{"start":{"line":16,"column":4},"end":{"line":16,"column":4}}]},"3":{"line":34,"type":"if","locations":[{"start":{"line":34,"column":4},"end":{"line":34,"column":4}},{"start":{"line":34,"column":4},"end":{"line":34,"column":4}}]},"4":{"line":43,"type":"if","locations":[{"start":{"line":43,"column":4},"end":{"line":43,"column":4}},{"start":{"line":43,"column":4},"end":{"line":43,"column":4}}]},"5":{"line":95,"type":"if","locations":[{"start":{"line":95,"column":4},"end":{"line":95,"column":4}},{"start":{"line":95,"column":4},"end":{"line":95,"column":4}}]},"6":{"line":96,"type":"if","locations":[{"start":{"line":96,"column":4},"end":{"line":96,"column":4}},{"start":{"line":96,"column":4},"end":{"line":96,"column":4}}]},"7":{"line":135,"type":"if","locations":[{"start":{"line":135,"column":4},"end":{"line":135,"column":4}},{"start":{"line":135,"column":4},"end":{"line":135,"column":4}}]},"8":{"line":136,"type":"if","locations":[{"start":{"line":136,"column":4},"end":{"line":136,"column":4}},{"start":{"line":136,"column":4},"end":{"line":136,"column":4}}]},"9":{"line":137,"type":"if","locations":[{"start":{"line":137,"column":4},"end":{"line":137,"column":4}},{"start":{"line":137,"column":4},"end":{"line":137,"column":4}}]},"10":{"line":158,"type":"if","locations":[{"start":{"line":158,"column":4},"end":{"line":158,"column":4}},{"start":{"line":158,"column":4},"end":{"line":158,"column":4}}]},"11":{"line":202,"type":"if","locations":[{"start":{"line":202,"column":4},"end":{"line":202,"column":4}},{"start":{"line":202,"column":4},"end":{"line":202,"column":4}}]},"12":{"line":237,"type":"if","locations":[{"start":{"line":237,"column":4},"end":{"line":237,"column":4}},{"start":{"line":237,"column":4},"end":{"line":237,"column":4}}]},"13":{"line":246,"type":"if","locations":[{"start":{"line":246,"column":4},"end":{"line":246,"column":4}},{"start":{"line":246,"column":4},"end":{"line":246,"column":4}}]},"14":{"line":287,"type":"if","locations":[{"start":{"line":287,"column":4},"end":{"line":287,"column":4}},{"start":{"line":287,"column":4},"end":{"line":287,"column":4}}]},"15":{"line":311,"type":"if","locations":[{"start":{"line":311,"column":4},"end":{"line":311,"column":4}},{"start":{"line":311,"column":4},"end":{"line":311,"column":4}}]}}}}