TN:
SF:/home/abhi/Projects/btccredit/contracts/BTCCToken.sol
FN:22,safeAdd
FN:26,safeSub
FN:30,safeMul
FN:34,safeDiv
FN:81,
FN:85,onlyOwner
FN:90,transferOwnership
FN:93,acceptOwnership
FN:120,
FN:127,distributeTokens
FN:142,distributedTokenCount
FN:149,totalSupply
FN:157,balanceOf
FN:167,transfer
FN:184,approve
FN:200,transferFrom
FN:216,mintToken
FN:225,freezeAccount
FN:232,burn
FN:240,burnFrom
FN:256,allowance
FN:266,approveAndCall
FN:277,
FN:285,transferAnyERC20Token
FN:289,destroyContract
FNF:25
FNH:20
FNDA:8,safeAdd
FNDA:8,safeSub
FNDA:0,safeMul
FNDA:0,safeDiv
FNDA:1,
FNDA:16,onlyOwner
FNDA:1,transferOwnership
FNDA:1,acceptOwnership
FNDA:1,
FNDA:2,distributeTokens
FNDA:5,distributedTokenCount
FNDA:4,totalSupply
FNDA:23,balanceOf
FNDA:2,transfer
FNDA:1,approve
FNDA:1,transferFrom
FNDA:1,mintToken
FNDA:2,freezeAccount
FNDA:2,burn
FNDA:1,burnFrom
FNDA:4,allowance
FNDA:0,approveAndCall
FNDA:0,
FNDA:1,transferAnyERC20Token
FNDA:0,destroyContract
DA:23,8
DA:24,8
DA:27,8
DA:28,8
DA:31,0
DA:32,0
DA:35,0
DA:36,0
DA:82,1
DA:86,16
DA:87,12
DA:91,1
DA:94,1
DA:95,1
DA:96,1
DA:97,1
DA:121,1
DA:122,1
DA:123,1
DA:124,1
DA:129,2
DA:130,2
DA:131,1
DA:133,1
DA:135,1
DA:136,1
DA:143,5
DA:150,4
DA:158,23
DA:168,2
DA:169,1
DA:170,1
DA:171,1
DA:172,1
DA:185,1
DA:186,1
DA:187,1
DA:201,1
DA:202,1
DA:203,1
DA:204,1
DA:205,1
DA:206,1
DA:217,1
DA:218,1
DA:219,1
DA:221,1
DA:222,1
DA:226,2
DA:227,2
DA:233,2
DA:234,1
DA:235,1
DA:236,1
DA:237,1
DA:241,1
DA:242,1
DA:244,1
DA:245,1
DA:246,1
DA:248,1
DA:249,1
DA:257,4
DA:267,0
DA:268,0
DA:269,0
DA:270,0
DA:278,0
DA:286,1
DA:290,0
DA:291,0
LF:71
LH:60
BRDA:24,1,0,8
BRDA:24,1,1,0
BRDA:27,2,0,8
BRDA:27,2,1,0
BRDA:32,3,0,0
BRDA:32,3,1,0
BRDA:35,4,0,0
BRDA:35,4,1,0
BRDA:86,5,0,12
BRDA:86,5,1,4
BRDA:94,6,0,1
BRDA:94,6,1,0
BRDA:130,7,0,1
BRDA:130,7,1,1
BRDA:168,8,0,1
BRDA:168,8,1,1
BRDA:201,9,0,1
BRDA:201,9,1,0
BRDA:217,10,0,1
BRDA:217,10,1,0
BRDA:233,11,0,1
BRDA:233,11,1,1
BRDA:241,12,0,1
BRDA:241,12,1,0
BRDA:242,13,0,1
BRDA:242,13,1,0
BRF:26
BRH:15
end_of_record
TN:
SF:/home/abhi/Projects/btccredit/contracts/TokenA.sol
FN:11,mul
FN:23,div
FN:33,sub
FN:41,add
FN:85,totalSupply
FN:94,transfer
FN:110,balanceOf
FN:134,transferFrom
FN:156,approve
FN:170,allowance
FN:184,increaseApproval
FN:200,decreaseApproval
FN:229,
FN:236,onlyOwner
FN:245,transferOwnership
FN:260,transfer
FN:264,transferFrom
FN:268,approve
FN:272,increaseApproval
FN:276,decreaseApproval
FN:282,releaseTokens
FN:309,
FN:321,approveAndCall
FNF:23
FNH:8
FNDA:1,mul
FNDA:0,div
FNDA:2,sub
FNDA:3,add
FNDA:0,totalSupply
FNDA:2,transfer
FNDA:9,balanceOf
FNDA:0,transferFrom
FNDA:0,approve
FNDA:0,allowance
FNDA:0,increaseApproval
FNDA:0,decreaseApproval
FNDA:1,
FNDA:0,onlyOwner
FNDA:0,transferOwnership
FNDA:2,transfer
FNDA:0,transferFrom
FNDA:0,approve
FNDA:0,increaseApproval
FNDA:0,decreaseApproval
FNDA:0,releaseTokens
FNDA:1,
FNDA:0,approveAndCall
DA:12,1
DA:13,0
DA:15,1
DA:16,1
DA:17,1
DA:25,0
DA:27,0
DA:34,2
DA:35,2
DA:42,3
DA:43,3
DA:44,3
DA:86,0
DA:95,2
DA:96,2
DA:99,2
DA:100,2
DA:101,2
DA:102,2
DA:111,9
DA:135,0
DA:136,0
DA:137,0
DA:139,0
DA:140,0
DA:141,0
DA:142,0
DA:143,0
DA:158,0
DA:159,0
DA:160,0
DA:161,0
DA:171,0
DA:185,0
DA:186,0
DA:187,0
DA:201,0
DA:202,0
DA:203,0
DA:205,0
DA:207,0
DA:208,0
DA:230,1
DA:237,0
DA:238,0
DA:246,0
DA:247,0
DA:248,0
DA:261,2
DA:265,0
DA:269,0
DA:273,0
DA:277,0
DA:284,0
DA:285,0
DA:286,0
DA:287,0
DA:288,0
DA:289,0
DA:311,1
DA:312,1
DA:313,1
DA:322,0
DA:323,0
DA:324,0
DA:325,0
LF:66
LH:21
BRDA:12,1,0,0
BRDA:12,1,1,1
BRDA:16,2,0,1
BRDA:16,2,1,0
BRDA:34,3,0,2
BRDA:34,3,1,0
BRDA:43,4,0,3
BRDA:43,4,1,0
BRDA:95,5,0,2
BRDA:95,5,1,0
BRDA:96,6,0,2
BRDA:96,6,1,0
BRDA:135,7,0,0
BRDA:135,7,1,0
BRDA:136,8,0,0
BRDA:136,8,1,0
BRDA:137,9,0,0
BRDA:137,9,1,0
BRDA:158,10,0,0
BRDA:158,10,1,0
BRDA:202,11,0,0
BRDA:202,11,1,0
BRDA:237,12,0,0
BRDA:237,12,1,0
BRDA:246,13,0,0
BRDA:246,13,1,0
BRDA:287,14,0,0
BRDA:287,14,1,0
BRDA:311,15,0,1
BRDA:311,15,1,0
BRF:30
BRH:7
end_of_record
